<?xml version="1.0" encoding="UTF-8"?>
<!-- Generated by org.testng.reporters.JUnitXMLReporter -->
<testsuite ignored="0" hostname="Anittamariya" failures="0" tests="5" name="Default test" time="46.612" errors="0" timestamp="2024-12-03T23:12:19 IST">
  <testcase classname="tests.TestClass" name="signUpTest" time="2.845"/>
  <testcase classname="tests.TestClass" name="loginTest" time="1.846"/>
  <testcase classname="tests.TestClass" name="explorePagesTest" time="13.898"/>
  <testcase classname="tests.TestClass" name="viewPlaceDetailsTest" time="12.798"/>
  <testcase classname="tests.TestClass" name="reLoginTest" time="12.155"/>
</testsuite> <!-- Default test -->
