<?xml version="1.0" encoding="UTF-8"?>
<testng-results ignored="0" total="5" passed="5" failed="0" skipped="0">
  <reporter-output>
  </reporter-output>
  <suite started-at="2024-12-03T23:11:33 IST" name="Default suite" finished-at="2024-12-03T23:12:19 IST" duration-ms="46612">
    <groups>
    </groups>
    <test started-at="2024-12-03T23:11:33 IST" name="Default test" finished-at="2024-12-03T23:12:19 IST" duration-ms="46612">
      <class name="tests.TestClass">
        <test-method is-config="true" signature="setup()[pri:0, instance:tests.TestClass@5dda768f]" started-at="2024-12-03T23:11:33 IST" name="setup" finished-at="2024-12-03T23:11:35 IST" duration-ms="2592" status="PASS">
          <reporter-output>
          </reporter-output>
        </test-method> <!-- setup -->
        <test-method signature="signUpTest()[pri:1, instance:tests.TestClass@5dda768f]" started-at="2024-12-03T23:11:35 IST" name="signUpTest" finished-at="2024-12-03T23:11:38 IST" duration-ms="2845" status="PASS">
          <reporter-output>
          </reporter-output>
        </test-method> <!-- signUpTest -->
        <test-method signature="loginTest()[pri:2, instance:tests.TestClass@5dda768f]" started-at="2024-12-03T23:11:38 IST" name="loginTest" finished-at="2024-12-03T23:11:40 IST" duration-ms="1846" status="PASS">
          <reporter-output>
          </reporter-output>
        </test-method> <!-- loginTest -->
        <test-method signature="explorePagesTest()[pri:3, instance:tests.TestClass@5dda768f]" started-at="2024-12-03T23:11:40 IST" name="explorePagesTest" finished-at="2024-12-03T23:11:54 IST" duration-ms="13898" status="PASS">
          <reporter-output>
          </reporter-output>
        </test-method> <!-- explorePagesTest -->
        <test-method signature="viewPlaceDetailsTest()[pri:4, instance:tests.TestClass@5dda768f]" started-at="2024-12-03T23:11:54 IST" name="viewPlaceDetailsTest" finished-at="2024-12-03T23:12:07 IST" duration-ms="12798" status="PASS">
          <reporter-output>
          </reporter-output>
        </test-method> <!-- viewPlaceDetailsTest -->
        <test-method signature="reLoginTest()[pri:5, instance:tests.TestClass@5dda768f]" started-at="2024-12-03T23:12:07 IST" name="reLoginTest" finished-at="2024-12-03T23:12:19 IST" duration-ms="12155" status="PASS">
          <reporter-output>
          </reporter-output>
        </test-method> <!-- reLoginTest -->
        <test-method is-config="true" signature="tearDown()[pri:0, instance:tests.TestClass@5dda768f]" started-at="2024-12-03T23:12:19 IST" name="tearDown" finished-at="2024-12-03T23:12:19 IST" duration-ms="313" status="PASS">
          <reporter-output>
          </reporter-output>
        </test-method> <!-- tearDown -->
      </class> <!-- tests.TestClass -->
    </test> <!-- Default test -->
  </suite> <!-- Default suite -->
</testng-results>
